Build started 22.10.2023 17:41:20.
     1>Project "D:\VideoPr\TestCurv\DllCurv\DllCurv.vcxproj" on node 2 (Rebuild target(s)).
     1>ClCompile:
         D:\ProgFiles\VC12\VC\bin\CL.exe /c /ZI /nologo /W3 /WX- /Od /Oy- /D WIN32 /D _DEBUG /D _WINDOWS /D _USRDLL /D DLLCURV_EXPORTS /D _WINDLL /D _UNICODE /D UNICODE /Gm /EHsc /RTC1 /MDd /GS /fp:precise /Zc:wchar_t /Zc:forScope /Yc"stdafx.h" /Fp"Debug\DllCurv.pch" /Fo"Debug\\" /Fd"Debug\vc110.pdb" /Gd /TP /analyze- /errorReport:prompt stdafx.cpp
         stdafx.cpp
         D:\ProgFiles\VC12\VC\bin\CL.exe /c /ZI /nologo /W3 /WX- /Od /Oy- /D WIN32 /D _DEBUG /D _WINDOWS /D _USRDLL /D DLLCURV_EXPORTS /D _WINDLL /D _UNICODE /D UNICODE /Gm /EHsc /RTC1 /MDd /GS /fp:precise /Zc:wchar_t /Zc:forScope /Yu"stdafx.h" /Fp"Debug\DllCurv.pch" /Fo"Debug\\" /Fd"Debug\vc110.pdb" /Gd /TP /analyze- /errorReport:prompt CurvDPoint.cpp CurvSpline.cpp CurvSplineCircl.cpp CurvSplineEllipse.cpp CurvSplineSpiral.cpp CurvVector.cpp DllCurv.cpp
         DllCurv.cpp
         CurvVector.cpp
         CurvSplineSpiral.cpp
         CurvSplineEllipse.cpp
         CurvSplineCircl.cpp
         CurvSpline.cpp
         CurvDPoint.cpp
         Generating Code...
         D:\ProgFiles\VC12\VC\bin\CL.exe /c /ZI /nologo /W3 /WX- /Od /Oy- /D WIN32 /D _DEBUG /D _WINDOWS /D _USRDLL /D DLLCURV_EXPORTS /D _WINDLL /D _UNICODE /D UNICODE /Gm /EHsc /RTC1 /MDd /GS /fp:precise /Zc:wchar_t /Zc:forScope /Fo"Debug\\" /Fd"Debug\vc110.pdb" /Gd /TP /analyze- /errorReport:prompt dllmain.cpp
         dllmain.cpp
       Link:
         D:\ProgFiles\VC12\VC\bin\link.exe /ERRORREPORT:PROMPT /OUT:"D:\VideoPr\TestCurv\Debug\DllCurv.dll" /INCREMENTAL /NOLOGO kernel32.lib user32.lib gdi32.lib winspool.lib comdlg32.lib advapi32.lib shell32.lib ole32.lib oleaut32.lib uuid.lib odbc32.lib odbccp32.lib /MANIFEST /MANIFESTUAC:"level='asInvoker' uiAccess='false'" /manifest:embed /DEBUG /PDB:"D:\VideoPr\TestCurv\Debug\DllCurv.pdb" /SUBSYSTEM:WINDOWS /TLBID:1 /DYNAMICBASE /NXCOMPAT /IMPLIB:"D:\VideoPr\TestCurv\Debug\DllCurv.lib" /MACHINE:X86 /DLL Debug\CurvDPoint.obj
         Debug\CurvSpline.obj
         Debug\CurvSplineCircl.obj
         Debug\CurvSplineEllipse.obj
         Debug\CurvSplineSpiral.obj
         Debug\CurvVector.obj
         Debug\DllCurv.obj
         Debug\dllmain.obj
         Debug\stdafx.obj
            Creating library D:\VideoPr\TestCurv\Debug\DllCurv.lib and object D:\VideoPr\TestCurv\Debug\DllCurv.exp
         DllCurv.vcxproj -> D:\VideoPr\TestCurv\Debug\DllCurv.dll
     1>Done Building Project "D:\VideoPr\TestCurv\DllCurv\DllCurv.vcxproj" (Rebuild target(s)).

Build succeeded.

Time Elapsed 00:00:05.08
