D:\VIDEOPR\TESTCURV\DLLCURV\DEBUG\DLLCURV.PCH
D:\VIDEOPR\TESTCURV\DLLCURV\DEBUG\STDAFX.OBJ
D:\VIDEOPR\TESTCURV\DLLCURV\DEBUG\VC110.PDB
D:\VIDEOPR\TESTCURV\DLLCURV\DEBUG\DLLCURV.OBJ
D:\VIDEOPR\TESTCURV\DLLCURV\DEBUG\DLLMAIN.OBJ
D:\VideoPr\TestCurv\Debug\DllCurv.lib
D:\VideoPr\TestCurv\Debug\DllCurv.exp
D:\VIDEOPR\TESTCURV\DEBUG\DLLCURV.ILK
D:\VIDEOPR\TESTCURV\DEBUG\DLLCURV.DLL
D:\VIDEOPR\TESTCURV\DEBUG\DLLCURV.PDB
D:\VideoPr\TestCurv\DllCurv\Debug\DllCurv.obj
D:\VideoPr\TestCurv\DllCurv\Debug\dllmain.obj
D:\VideoPr\TestCurv\DllCurv\Debug\stdafx.obj
D:\VideoPr\TestCurv\DllCurv\Debug\cl.command.1.tlog
D:\VideoPr\TestCurv\DllCurv\Debug\CL.read.1.tlog
D:\VideoPr\TestCurv\DllCurv\Debug\CL.write.1.tlog
D:\VideoPr\TestCurv\DllCurv\Debug\DllCurv.write.1.tlog
D:\VideoPr\TestCurv\DllCurv\Debug\link-cvtres.read.1.tlog
D:\VideoPr\TestCurv\DllCurv\Debug\link-cvtres.write.1.tlog
D:\VideoPr\TestCurv\DllCurv\Debug\link-rc.read.1.tlog
D:\VideoPr\TestCurv\DllCurv\Debug\link-rc.write.1.tlog
D:\VideoPr\TestCurv\DllCurv\Debug\link.command.1.tlog
D:\VideoPr\TestCurv\DllCurv\Debug\link.read.1.tlog
D:\VideoPr\TestCurv\DllCurv\Debug\link.write.1.tlog
D:\VideoPr\TestCurv\DllCurv\Debug\DllCurv.pch
D:\VideoPr\TestCurv\DllCurv\Debug\vc110.idb
D:\VideoPr\TestCurv\DllCurv\Debug\vc110.pdb
D:\VideoPr\TestCurv\Debug\DllCurv.pdb
D:\VideoPr\TestCurv\Debug\DllCurv.dll
D:\VideoPr\TestCurv\Debug\DllCurv.ilk
